{"D:\\belajar back end pt2\\New folder\\backend\\src\\application\\app.js": {"path":"D:\\belajar back end pt2\\New folder\\backend\\src\\application\\app.js","statementMap":{"0":{"start":{"line":5,"column":18},"end":{"line":5,"column":28}},"1":{"start":{"line":7,"column":0},"end":{"line":7,"column":23}},"2":{"start":{"line":8,"column":0},"end":{"line":8,"column":21}},"3":{"start":{"line":9,"column":0},"end":{"line":9,"column":null}}},"fnMap":{},"branchMap":{},"s":{"0":1,"1":1,"2":1,"3":1},"f":{},"b":{},"meta":{"lastBranch":0,"lastFunction":0,"lastStatement":4,"seen":{"s:5:18:5:28":0,"s:7:0:7:23":1,"s:8:0:8:21":2,"s:9:0:9:Infinity":3}}}
,"D:\\belajar back end pt2\\New folder\\backend\\src\\application\\database.js": {"path":"D:\\belajar back end pt2\\New folder\\backend\\src\\application\\database.js","statementMap":{"0":{"start":{"line":4,"column":22},"end":{"line":23,"column":2}},"1":{"start":{"line":25,"column":0},"end":{"line":27,"column":2}},"2":{"start":{"line":26,"column":4},"end":{"line":26,"column":19}},"3":{"start":{"line":29,"column":0},"end":{"line":31,"column":2}},"4":{"start":{"line":30,"column":4},"end":{"line":30,"column":18}},"5":{"start":{"line":33,"column":0},"end":{"line":35,"column":2}},"6":{"start":{"line":34,"column":4},"end":{"line":34,"column":18}},"7":{"start":{"line":37,"column":0},"end":{"line":39,"column":null}},"8":{"start":{"line":38,"column":4},"end":{"line":38,"column":18}}},"fnMap":{"0":{"name":"(anonymous_0)","decl":{"start":{"line":25,"column":20},"end":{"line":25,"column":21}},"loc":{"start":{"line":25,"column":27},"end":{"line":27,"column":1}},"line":25},"1":{"name":"(anonymous_1)","decl":{"start":{"line":29,"column":19},"end":{"line":29,"column":20}},"loc":{"start":{"line":29,"column":26},"end":{"line":31,"column":1}},"line":29},"2":{"name":"(anonymous_2)","decl":{"start":{"line":33,"column":19},"end":{"line":33,"column":20}},"loc":{"start":{"line":33,"column":26},"end":{"line":35,"column":1}},"line":33},"3":{"name":"(anonymous_3)","decl":{"start":{"line":37,"column":20},"end":{"line":37,"column":21}},"loc":{"start":{"line":37,"column":27},"end":{"line":39,"column":1}},"line":37}},"branchMap":{},"s":{"0":1,"1":1,"2":0,"3":1,"4":0,"5":1,"6":1,"7":1,"8":17},"f":{"0":0,"1":0,"2":1,"3":17},"b":{},"meta":{"lastBranch":0,"lastFunction":4,"lastStatement":9,"seen":{"s:4:22:23:2":0,"s:25:0:27:2":1,"f:25:20:25:21":0,"s:26:4:26:19":2,"s:29:0:31:2":3,"f:29:19:29:20":1,"s:30:4:30:18":4,"s:33:0:35:2":5,"f:33:19:33:20":2,"s:34:4:34:18":6,"s:37:0:39:Infinity":7,"f:37:20:37:21":3,"s:38:4:38:18":8}}}
,"D:\\belajar back end pt2\\New folder\\backend\\src\\application\\logging.js": {"path":"D:\\belajar back end pt2\\New folder\\backend\\src\\application\\logging.js","statementMap":{"0":{"start":{"line":3,"column":22},"end":{"line":9,"column":2}}},"fnMap":{},"branchMap":{},"s":{"0":1},"f":{},"b":{},"meta":{"lastBranch":0,"lastFunction":0,"lastStatement":1,"seen":{"s:3:22:9:2":0}}}
,"D:\\belajar back end pt2\\New folder\\backend\\src\\controller\\user-controller.js": {"path":"D:\\belajar back end pt2\\New folder\\backend\\src\\controller\\user-controller.js","statementMap":{"0":{"start":{"line":3,"column":21},"end":{"line":17,"column":1}},"1":{"start":{"line":4,"column":4},"end":{"line":16,"column":5}},"2":{"start":{"line":5,"column":23},"end":{"line":5,"column":59}},"3":{"start":{"line":6,"column":8},"end":{"line":13,"column":10}},"4":{"start":{"line":15,"column":8},"end":{"line":15,"column":19}}},"fnMap":{"0":{"name":"(anonymous_0)","decl":{"start":{"line":3,"column":21},"end":{"line":3,"column":26}},"loc":{"start":{"line":3,"column":47},"end":{"line":17,"column":1}},"line":3}},"branchMap":{},"s":{"0":1,"1":4,"2":4,"3":2,"4":2},"f":{"0":4},"b":{},"meta":{"lastBranch":0,"lastFunction":1,"lastStatement":5,"seen":{"s:3:21:17:1":0,"f:3:21:3:26":0,"s:4:4:16:5":1,"s:5:23:5:59":2,"s:6:8:13:10":3,"s:15:8:15:19":4}}}
,"D:\\belajar back end pt2\\New folder\\backend\\src\\error\\response-error.js": {"path":"D:\\belajar back end pt2\\New folder\\backend\\src\\error\\response-error.js","statementMap":{"0":{"start":{"line":4,"column":8},"end":{"line":4,"column":22}},"1":{"start":{"line":5,"column":8},"end":{"line":5,"column":28}}},"fnMap":{"0":{"name":"(anonymous_0)","decl":{"start":{"line":3,"column":4},"end":{"line":3,"column":15}},"loc":{"start":{"line":3,"column":33},"end":{"line":6,"column":5}},"line":3}},"branchMap":{},"s":{"0":1,"1":1},"f":{"0":1},"b":{},"meta":{"lastBranch":0,"lastFunction":1,"lastStatement":2,"seen":{"f:3:4:3:15":0,"s:4:8:4:22":0,"s:5:8:5:28":1}}}
,"D:\\belajar back end pt2\\New folder\\backend\\src\\middleware\\error-middleware.js": {"path":"D:\\belajar back end pt2\\New folder\\backend\\src\\middleware\\error-middleware.js","statementMap":{"0":{"start":{"line":5,"column":24},"end":{"line":35,"column":1}},"1":{"start":{"line":6,"column":4},"end":{"line":9,"column":5}},"2":{"start":{"line":7,"column":8},"end":{"line":7,"column":14}},"3":{"start":{"line":8,"column":8},"end":{"line":8,"column":14}},"4":{"start":{"line":10,"column":4},"end":{"line":34,"column":5}},"5":{"start":{"line":11,"column":8},"end":{"line":14,"column":10}},"6":{"start":{"line":16,"column":11},"end":{"line":34,"column":5}},"7":{"start":{"line":17,"column":8},"end":{"line":21,"column":10}},"8":{"start":{"line":24,"column":8},"end":{"line":28,"column":10}},"9":{"start":{"line":30,"column":8},"end":{"line":33,"column":10}}},"fnMap":{"0":{"name":"(anonymous_0)","decl":{"start":{"line":5,"column":24},"end":{"line":5,"column":29}},"loc":{"start":{"line":5,"column":55},"end":{"line":35,"column":1}},"line":5}},"branchMap":{"0":{"loc":{"start":{"line":6,"column":4},"end":{"line":9,"column":5}},"type":"if","locations":[{"start":{"line":6,"column":4},"end":{"line":9,"column":5}},{"start":{},"end":{}}],"line":6},"1":{"loc":{"start":{"line":10,"column":4},"end":{"line":34,"column":5}},"type":"if","locations":[{"start":{"line":10,"column":4},"end":{"line":34,"column":5}},{"start":{"line":16,"column":11},"end":{"line":34,"column":5}}],"line":10},"2":{"loc":{"start":{"line":16,"column":11},"end":{"line":34,"column":5}},"type":"if","locations":[{"start":{"line":16,"column":11},"end":{"line":34,"column":5}},{"start":{"line":23,"column":11},"end":{"line":34,"column":5}}],"line":16}},"s":{"0":1,"1":2,"2":0,"3":0,"4":2,"5":1,"6":1,"7":1,"8":0,"9":0},"f":{"0":2},"b":{"0":[0,2],"1":[1,1],"2":[1,0]},"meta":{"lastBranch":3,"lastFunction":1,"lastStatement":10,"seen":{"s:5:24:35:1":0,"f:5:24:5:29":0,"b:6:4:9:5:undefined:undefined:undefined:undefined":0,"s:6:4:9:5":1,"s:7:8:7:14":2,"s:8:8:8:14":3,"b:10:4:34:5:16:11:34:5":1,"s:10:4:34:5":4,"s:11:8:14:10":5,"b:16:11:34:5:23:11:34:5":2,"s:16:11:34:5":6,"s:17:8:21:10":7,"s:24:8:28:10":8,"s:30:8:33:10":9}}}
,"D:\\belajar back end pt2\\New folder\\backend\\src\\repo\\user-repo.js": {"path":"D:\\belajar back end pt2\\New folder\\backend\\src\\repo\\user-repo.js","statementMap":{"0":{"start":{"line":3,"column":15},"end":{"line":11,"column":1}},"1":{"start":{"line":4,"column":4},"end":{"line":10,"column":11}},"2":{"start":{"line":13,"column":13},"end":{"line":21,"column":1}},"3":{"start":{"line":14,"column":4},"end":{"line":20,"column":11}},"4":{"start":{"line":23,"column":17},"end":{"line":28,"column":1}},"5":{"start":{"line":24,"column":4},"end":{"line":27,"column":6}},"6":{"start":{"line":31,"column":15},"end":{"line":37,"column":1}},"7":{"start":{"line":32,"column":4},"end":{"line":36,"column":6}}},"fnMap":{"0":{"name":"(anonymous_0)","decl":{"start":{"line":3,"column":15},"end":{"line":3,"column":20}},"loc":{"start":{"line":3,"column":31},"end":{"line":11,"column":1}},"line":3},"1":{"name":"(anonymous_1)","decl":{"start":{"line":13,"column":13},"end":{"line":13,"column":18}},"loc":{"start":{"line":13,"column":30},"end":{"line":21,"column":1}},"line":13},"2":{"name":"(anonymous_2)","decl":{"start":{"line":23,"column":17},"end":{"line":23,"column":22}},"loc":{"start":{"line":23,"column":48},"end":{"line":28,"column":1}},"line":23},"3":{"name":"(anonymous_3)","decl":{"start":{"line":31,"column":15},"end":{"line":31,"column":20}},"loc":{"start":{"line":31,"column":52},"end":{"line":37,"column":1}},"line":31}},"branchMap":{"0":{"loc":{"start":{"line":23,"column":31},"end":{"line":23,"column":43}},"type":"default-arg","locations":[{"start":{"line":23,"column":41},"end":{"line":23,"column":43}}],"line":23},"1":{"loc":{"start":{"line":31,"column":35},"end":{"line":31,"column":47}},"type":"default-arg","locations":[{"start":{"line":31,"column":45},"end":{"line":31,"column":47}}],"line":31}},"s":{"0":1,"1":2,"2":1,"3":3,"4":1,"5":0,"6":1,"7":0},"f":{"0":2,"1":3,"2":0,"3":0},"b":{"0":[0],"1":[0]},"meta":{"lastBranch":2,"lastFunction":4,"lastStatement":8,"seen":{"s:3:15:11:1":0,"f:3:15:3:20":0,"s:4:4:10:11":1,"s:13:13:21:1":2,"f:13:13:13:18":1,"s:14:4:20:11":3,"s:23:17:28:1":4,"f:23:17:23:22":2,"b:23:41:23:43":0,"s:24:4:27:6":5,"s:31:15:37:1":6,"f:31:15:31:20":3,"b:31:45:31:47":1,"s:32:4:36:6":7}}}
,"D:\\belajar back end pt2\\New folder\\backend\\src\\router\\publicRouter.js": {"path":"D:\\belajar back end pt2\\New folder\\backend\\src\\router\\publicRouter.js","statementMap":{"0":{"start":{"line":4,"column":28},"end":{"line":4,"column":44}},"1":{"start":{"line":6,"column":0},"end":{"line":6,"column":67}}},"fnMap":{},"branchMap":{},"s":{"0":1,"1":1},"f":{},"b":{},"meta":{"lastBranch":0,"lastFunction":0,"lastStatement":2,"seen":{"s:4:28:4:44":0,"s:6:0:6:67":1}}}
,"D:\\belajar back end pt2\\New folder\\backend\\src\\services\\user-svs.js": {"path":"D:\\belajar back end pt2\\New folder\\backend\\src\\services\\user-svs.js","statementMap":{"0":{"start":{"line":7,"column":21},"end":{"line":18,"column":1}},"1":{"start":{"line":8,"column":16},"end":{"line":8,"column":59}},"2":{"start":{"line":10,"column":4},"end":{"line":10,"column":33}},"3":{"start":{"line":12,"column":4},"end":{"line":12,"column":56}},"4":{"start":{"line":13,"column":4},"end":{"line":17,"column":6}}},"fnMap":{"0":{"name":"(anonymous_0)","decl":{"start":{"line":7,"column":21},"end":{"line":7,"column":26}},"loc":{"start":{"line":7,"column":41},"end":{"line":18,"column":1}},"line":7}},"branchMap":{},"s":{"0":1,"1":4,"2":4,"3":2,"4":2},"f":{"0":4},"b":{},"meta":{"lastBranch":0,"lastFunction":1,"lastStatement":5,"seen":{"s:7:21:18:1":0,"f:7:21:7:26":0,"s:8:16:8:59":1,"s:10:4:10:33":2,"s:12:4:12:56":3,"s:13:4:17:6":4}}}
,"D:\\belajar back end pt2\\New folder\\backend\\src\\utils\\user-helper.js": {"path":"D:\\belajar back end pt2\\New folder\\backend\\src\\utils\\user-helper.js","statementMap":{"0":{"start":{"line":4,"column":33},"end":{"line":13,"column":null}},"1":{"start":{"line":5,"column":17},"end":{"line":7,"column":6}},"2":{"start":{"line":8,"column":4},"end":{"line":10,"column":5}},"3":{"start":{"line":9,"column":8},"end":{"line":9,"column":59}},"4":{"start":{"line":12,"column":4},"end":{"line":12,"column":15}}},"fnMap":{"0":{"name":"(anonymous_0)","decl":{"start":{"line":4,"column":33},"end":{"line":4,"column":38}},"loc":{"start":{"line":4,"column":54},"end":{"line":13,"column":null}},"line":4}},"branchMap":{"0":{"loc":{"start":{"line":8,"column":4},"end":{"line":10,"column":5}},"type":"if","locations":[{"start":{"line":8,"column":4},"end":{"line":10,"column":5}},{"start":{},"end":{}}],"line":8}},"s":{"0":1,"1":3,"2":3,"3":1,"4":2},"f":{"0":3},"b":{"0":[1,2]},"meta":{"lastBranch":1,"lastFunction":1,"lastStatement":5,"seen":{"s:4:33:13:Infinity":0,"f:4:33:4:38":0,"s:5:17:7:6":1,"b:8:4:10:5:undefined:undefined:undefined:undefined":0,"s:8:4:10:5":2,"s:9:8:9:59":3,"s:12:4:12:15":4}}}
,"D:\\belajar back end pt2\\New folder\\backend\\src\\validation\\registration-user.js": {"path":"D:\\belajar back end pt2\\New folder\\backend\\src\\validation\\registration-user.js","statementMap":{"0":{"start":{"line":3,"column":38},"end":{"line":7,"column":null}}},"fnMap":{},"branchMap":{},"s":{"0":1},"f":{},"b":{},"meta":{"lastBranch":0,"lastFunction":0,"lastStatement":1,"seen":{"s:3:38:7:Infinity":0}}}
,"D:\\belajar back end pt2\\New folder\\backend\\src\\validation\\validation.js": {"path":"D:\\belajar back end pt2\\New folder\\backend\\src\\validation\\validation.js","statementMap":{"0":{"start":{"line":1,"column":17},"end":{"line":4,"column":1}},"1":{"start":{"line":2,"column":19},"end":{"line":2,"column":40}},"2":{"start":{"line":3,"column":4},"end":{"line":3,"column":17}}},"fnMap":{"0":{"name":"(anonymous_0)","decl":{"start":{"line":1,"column":17},"end":{"line":1,"column":18}},"loc":{"start":{"line":1,"column":38},"end":{"line":4,"column":1}},"line":1}},"branchMap":{},"s":{"0":1,"1":4,"2":4},"f":{"0":4},"b":{},"meta":{"lastBranch":0,"lastFunction":1,"lastStatement":3,"seen":{"s:1:17:4:1":0,"f:1:17:1:18":0,"s:2:19:2:40":1,"s:3:4:3:17":2}}}
}
